<?xml version="1.0" encoding="UTF-8"?>
<!-- Generated by org.testng.reporters.JUnitReportReporter -->
<testsuite hostname="GEC-LM-C1MKH0KYDTY4.local" name="br.com.drools.poc.RuleLoaderTest" tests="1" failures="0" timestamp="8 Sep 2014 13:01:13 GMT" time="2.002" errors="0">
  <testcase name="shouldInvokeDroolsWithExternalRules" time="2.002" classname="br.com.drools.poc.RuleLoaderTest"/>
</testsuite> <!-- br.com.drools.poc.RuleLoaderTest -->
