<?xml version="1.0" encoding="UTF-8"?>
<!-- Generated by org.testng.reporters.JUnitReportReporter -->
<testsuite hostname="GEC-LM-C1MKH0KYDTY4.local" name="br.com.drools.poc.stateless.StatelessExample" tests="1" failures="0" timestamp="13 Feb 2014 10:33:42 GMT" time="1.178" errors="0">
  <testcase name="shouldExecuteRuleWhenObjectIsApplicant" time="1.178" classname="br.com.drools.poc.stateless.StatelessExample"/>
</testsuite> <!-- br.com.drools.poc.stateless.StatelessExample -->
