<?xml version="1.0" encoding="UTF-8"?>
<!-- Generated by org.testng.reporters.JUnitReportReporter -->
<testsuite hostname="GEC-LM-C1MKH0KYDTY4.local" name="br.com.drools.poc.RuleExecutorFromRest" tests="2" failures="0" timestamp="8 Sep 2014 02:35:47 GMT" time="0.588" errors="0">
  <testcase name="shouldLoadRules" time="0.018" classname="br.com.drools.poc.RuleExecutorFromRest"/>
  <testcase name="shouldLoadDsls" time="0.570" classname="br.com.drools.poc.RuleExecutorFromRest"/>
</testsuite> <!-- br.com.drools.poc.RuleExecutorFromRest -->
